[debug] > Exec(reload, None, None)
[debug] > Exec(sbtStashOnFailure, None, None)
[debug] > Exec(onFailure loadFailed, None, None)
[debug] > Exec(loadp, None, None)
[info] welcome to sbt 1.8.2 (Oracle Corporation Java 19)
[debug]                               Load.loadUnit: plugins took 5.194417ms
[debug]                               Load.loadUnit: defsScala took 0.001375ms
[debug] [Loading] Scanning directory /Users/jackcviers/.sbt/1.0/plugins
[debug] [Loading] Found non-root projects 
[debug] [Loading] Done in /Users/jackcviers/.sbt/1.0/plugins, returning: ()
[debug] deducing auto plugins based on known facts Set(Atom(sbt.plugins.CorePlugin)) and clauses Clauses(Clause(Atom(sbt.plugins.JvmPlugin),Set(Atom(sbt.plugins.IvyPlugin)))
[debug] Clause(Atom(sbt.ScriptedPlugin),Set(Atom(sbt.plugins.JvmPlugin)))
[debug] Clause(Atom(sbt.plugins.SbtPlugin),Set(Atom(sbt.ScriptedPlugin)))
[debug] Clause(Atom(sbt.plugins.SemanticdbPlugin),Set(Atom(sbt.plugins.JvmPlugin)))
[debug] Clause(Atom(sbt.plugins.JUnitXmlReportPlugin),Set(Atom(sbt.plugins.JvmPlugin)))
[debug] Clause(Atom(sbt.plugins.MiniDependencyTreePlugin),Set(Atom(sbt.plugins.JvmPlugin)))
[debug] Clause(Atom(sbt.plugins.CorePlugin),Set(Atom(sbt.plugins.IvyPlugin)))
[debug] Clause(Atom(sbt.plugins.IvyPlugin),Set(Atom(sbt.plugins.JvmPlugin)))
[debug] Clause(Atom(sbt.plugins.JvmPlugin),Set(Atom(sbt.plugins.SemanticdbPlugin)))
[debug] Clause(Atom(sbt.plugins.JvmPlugin),Set(Atom(sbt.plugins.JUnitXmlReportPlugin)))
[debug] Clause(Atom(sbt.plugins.CorePlugin),Set(Atom(sbt.plugins.Giter8TemplatePlugin)))
[debug] Clause(Atom(sbt.plugins.JvmPlugin),Set(Atom(sbt.plugins.MiniDependencyTreePlugin))))
[debug]   :: deduced result: Matched(sbt.plugins.CorePlugin,sbt.plugins.Giter8TemplatePlugin,sbt.plugins.IvyPlugin,sbt.plugins.JvmPlugin,sbt.plugins.MiniDependencyTreePlugin,sbt.plugins.JUnitXmlReportPlugin,sbt.plugins.SemanticdbPlugin)
[debug] Plugins.deducer#function took 1.071625 ms
[debug]                                   Load.resolveProject(global-plugins) took 0.434208ms
[debug]                                 Load.loadTransitive: finalizeProject(Project(id global-plugins, base: /Users/jackcviers/.sbt/1.0/plugins, plugins: List(<none>))) took 1.659541ms
[debug] [Loading] Done in /Users/jackcviers/.sbt/1.0/plugins, returning: (global-plugins)
[debug]                               Load.loadUnit: loadedProjectsRaw took 2.053458ms
[debug]                               Load.loadUnit: cleanEvalClasses took 0.004042ms
[debug]                             Load.loadUnit(file:/Users/jackcviers/.sbt/1.0/plugins/, ...) took 7.447959ms
[debug]                           Load.apply: load took 7.813667ms
[debug]                           Load.apply: resolveProjects took 0.056292ms
[debug]                           Load.apply: finalTransforms took 1.813042ms
[debug]                           Load.apply: config.delegates took 0.089291ms
[debug]                           Load.apply: Def.make(settings)... took 19.711084ms
[debug]                           Load.apply: structureIndex took 4.75975ms
[debug]                           Load.apply: mkStreams took 0.001958ms
[info] loading global plugins from /Users/jackcviers/.sbt/1.0/plugins
[debug] Running task... Cancel: Signal, check cycles: false, forcegc: true
[debug]                         Load.defaultLoad until apply took 79.223375ms
[debug]                                               Load.loadUnit: plugins took 5.039833ms
[debug]                                               Load.loadUnit: defsScala took 0.002ms
[debug] [Loading] Scanning directory /Users/jackcviers/Documents/development/example-large-http4s/project/project/project
[debug]                                                 Load.loadUnit: mkEval took 0.075791ms
[debug] [Loading] Found non-root projects 
[debug] [Loading] Done in /Users/jackcviers/Documents/development/example-large-http4s/project/project/project, returning: ()
[debug] deducing auto plugins based on known facts Set(Atom(sbt.plugins.CorePlugin)) and clauses Clauses(Clause(Atom(sbt.plugins.JvmPlugin),Set(Atom(sbt.plugins.IvyPlugin)))
[debug] Clause(Atom(sbt.ScriptedPlugin),Set(Atom(sbt.plugins.JvmPlugin)))
[debug] Clause(Atom(sbt.plugins.SbtPlugin),Set(Atom(sbt.ScriptedPlugin)))
[debug] Clause(Atom(sbt.plugins.SemanticdbPlugin),Set(Atom(sbt.plugins.JvmPlugin)))
[debug] Clause(Atom(sbt.plugins.JUnitXmlReportPlugin),Set(Atom(sbt.plugins.JvmPlugin)))
[debug] Clause(Atom(sbt.plugins.MiniDependencyTreePlugin),Set(Atom(sbt.plugins.JvmPlugin)))
[debug] Clause(Atom(sbt.plugins.CorePlugin),Set(Atom(sbt.plugins.IvyPlugin)))
[debug] Clause(Atom(sbt.plugins.IvyPlugin),Set(Atom(sbt.plugins.JvmPlugin)))
[debug] Clause(Atom(sbt.plugins.JvmPlugin),Set(Atom(sbt.plugins.SemanticdbPlugin)))
[debug] Clause(Atom(sbt.plugins.JvmPlugin),Set(Atom(sbt.plugins.JUnitXmlReportPlugin)))
[debug] Clause(Atom(sbt.plugins.CorePlugin),Set(Atom(sbt.plugins.Giter8TemplatePlugin)))
[debug] Clause(Atom(sbt.plugins.JvmPlugin),Set(Atom(sbt.plugins.MiniDependencyTreePlugin))))
[debug]   :: deduced result: Matched(sbt.plugins.CorePlugin,sbt.plugins.Giter8TemplatePlugin,sbt.plugins.IvyPlugin,sbt.plugins.JvmPlugin,sbt.plugins.MiniDependencyTreePlugin,sbt.plugins.JUnitXmlReportPlugin,sbt.plugins.SemanticdbPlugin)
[debug] Plugins.deducer#function took 0.376334 ms
[info] loading settings for project example-large-http4s-build-build-build from metals.sbt ...
[debug]                                                   Load.resolveProject(example-large-http4s-build-build-build) took 0.548084ms
[debug]                                                 Load.loadTransitive: finalizeProject(Project(id example-large-http4s-build-build-build, base: /Users/jackcviers/Documents/development/example-large-http4s/project/project/project, plugins: List(<none>))) took 1.057791ms
[debug] [Loading] Done in /Users/jackcviers/Documents/development/example-large-http4s/project/project/project, returning: (example-large-http4s-build-build-build)
[debug]                                               Load.loadUnit: loadedProjectsRaw took 4.829375ms
[debug]                                               Load.loadUnit: cleanEvalClasses took 0.362709ms
[debug]                                             Load.loadUnit(file:/Users/jackcviers/Documents/development/example-large-http4s/project/project/project/, ...) took 10.416ms
[debug]                                           Load.apply: load took 10.73175ms
[debug]                                           Load.apply: resolveProjects took 0.038ms
[debug]                                           Load.apply: finalTransforms took 1.916709ms
[debug]                                           Load.apply: config.delegates took 0.08475ms
[debug]                                           Load.apply: Def.make(settings)... took 27.633875ms
[debug]                                           Load.apply: structureIndex took 4.947333ms
[debug]                                           Load.apply: mkStreams took 0.001833ms
[info] loading project definition from /Users/jackcviers/Documents/development/example-large-http4s/project/project/project
[debug] Running task... Cancel: Signal, check cycles: false, forcegc: true
[debug]                                         Load.loadUnit: plugins took 87.930625ms
[debug]                                         Load.loadUnit: defsScala took 0.001334ms
[debug] [Loading] Scanning directory /Users/jackcviers/Documents/development/example-large-http4s/project/project
[debug]                                           Load.loadUnit: mkEval took 0.081833ms
[debug] [Loading] Found non-root projects 
[debug] [Loading] Done in /Users/jackcviers/Documents/development/example-large-http4s/project/project, returning: ()
[debug] deducing auto plugins based on known facts Set(Atom(sbt.plugins.CorePlugin)) and clauses Clauses(Clause(Atom(sbt.plugins.JvmPlugin),Set(Atom(sbt.plugins.IvyPlugin)))
[debug] Clause(Atom(sbt.ScriptedPlugin),Set(Atom(sbt.plugins.JvmPlugin)))
[debug] Clause(Atom(sbt.plugins.SbtPlugin),Set(Atom(sbt.ScriptedPlugin)))
[debug] Clause(Atom(sbt.plugins.SemanticdbPlugin),Set(Atom(sbt.plugins.JvmPlugin)))
[debug] Clause(Atom(sbt.plugins.JUnitXmlReportPlugin),Set(Atom(sbt.plugins.JvmPlugin)))
[debug] Clause(Atom(sbt.plugins.MiniDependencyTreePlugin),Set(Atom(sbt.plugins.JvmPlugin)))
[debug] Clause(Atom(bloop.integrations.sbt.BloopPlugin),Set(Atom(sbt.plugins.JvmPlugin)))
[debug] Clause(Atom(sbt.plugins.CorePlugin),Set(Atom(sbt.plugins.IvyPlugin)))
[debug] Clause(Atom(sbt.plugins.IvyPlugin),Set(Atom(sbt.plugins.JvmPlugin)))
[debug] Clause(Atom(sbt.plugins.JvmPlugin),Set(Atom(sbt.plugins.SemanticdbPlugin)))
[debug] Clause(Atom(sbt.plugins.JvmPlugin),Set(Atom(sbt.plugins.JUnitXmlReportPlugin)))
[debug] Clause(Atom(sbt.plugins.CorePlugin),Set(Atom(sbt.plugins.Giter8TemplatePlugin)))
[debug] Clause(Atom(sbt.plugins.JvmPlugin),Set(Atom(sbt.plugins.MiniDependencyTreePlugin)))
[debug] Clause(Atom(sbt.plugins.JvmPlugin),Set(Atom(bloop.integrations.sbt.BloopPlugin))))
[debug]   :: deduced result: Matched(sbt.plugins.CorePlugin,sbt.plugins.Giter8TemplatePlugin,sbt.plugins.IvyPlugin,sbt.plugins.JvmPlugin,bloop.integrations.sbt.BloopPlugin,sbt.plugins.MiniDependencyTreePlugin,sbt.plugins.JUnitXmlReportPlugin,sbt.plugins.SemanticdbPlugin)
[debug] Plugins.deducer#function took 0.359542 ms
[info] loading settings for project example-large-http4s-build-build from metals.sbt ...
[debug]                                             Load.resolveProject(example-large-http4s-build-build) took 6.277916ms
[debug]                                           Load.loadTransitive: finalizeProject(Project(id example-large-http4s-build-build, base: /Users/jackcviers/Documents/development/example-large-http4s/project/project, plugins: List(<none>))) took 6.789166ms
[debug] [Loading] Done in /Users/jackcviers/Documents/development/example-large-http4s/project/project, returning: (example-large-http4s-build-build)
[debug]                                         Load.loadUnit: loadedProjectsRaw took 11.936334ms
[debug]                                         Load.loadUnit: cleanEvalClasses took 0.545375ms
[debug]                                       Load.loadUnit(file:/Users/jackcviers/Documents/development/example-large-http4s/project/project/, ...) took 100.611125ms
[debug]                                     Load.apply: load took 100.906042ms
[debug]                                     Load.apply: resolveProjects took 0.042917ms
[debug]                                     Load.apply: finalTransforms took 5.750292ms
[debug]                                     Load.apply: config.delegates took 0.106208ms
[debug]                                     Load.apply: Def.make(settings)... took 32.597417ms
[debug]                                     Load.apply: structureIndex took 9.714667ms
[debug]                                     Load.apply: mkStreams took 0.002208ms
[info] loading project definition from /Users/jackcviers/Documents/development/example-large-http4s/project/project
[debug] Evaluating tasks: bloopInstall
[debug] Running task... Cancel: Signal, check cycles: false, forcegc: true
[success] Generated .bloop/example-large-http4s-build-build.json
[success] Total time: 0 s, completed May 10, 2023, 6:44:11 PM
[debug] Running task... Cancel: Signal, check cycles: false, forcegc: true
[debug]                                   Load.loadUnit: plugins took 335.950334ms
[debug]                                   Load.loadUnit: defsScala took 0.001375ms
[debug] [Loading] Scanning directory /Users/jackcviers/Documents/development/example-large-http4s/project
[debug]                                     Load.loadUnit: mkEval took 0.0625ms
[debug] [Loading] Found non-root projects 
[debug] [Loading] Done in /Users/jackcviers/Documents/development/example-large-http4s/project, returning: ()
[debug] deducing auto plugins based on known facts Set(Atom(sbt.plugins.CorePlugin)) and clauses Clauses(Clause(Atom(sbt.plugins.JvmPlugin),Set(Atom(sbt.plugins.IvyPlugin)))
[debug] Clause(Atom(sbt.ScriptedPlugin),Set(Atom(sbt.plugins.JvmPlugin)))
[debug] Clause(Atom(sbt.plugins.SbtPlugin),Set(Atom(sbt.ScriptedPlugin)))
[debug] Clause(Atom(sbt.plugins.SemanticdbPlugin),Set(Atom(sbt.plugins.JvmPlugin)))
[debug] Clause(Atom(sbt.plugins.JUnitXmlReportPlugin),Set(Atom(sbt.plugins.JvmPlugin)))
[debug] Clause(Atom(sbt.plugins.MiniDependencyTreePlugin),Set(Atom(sbt.plugins.JvmPlugin)))
[debug] Clause(Atom(metals.MetalsPlugin),Set(Atom(sbt.plugins.SemanticdbPlugin)))
[debug] Clause(Atom(org.scaladebugger.SbtJdiTools),Set(Atom(sbt.plugins.JvmPlugin)))
[debug] Clause(Atom(sbt.plugins.CorePlugin),Set(Atom(sbt.plugins.IvyPlugin)))
[debug] Clause(Atom(sbt.plugins.IvyPlugin),Set(Atom(sbt.plugins.JvmPlugin)))
[debug] Clause(Atom(sbt.plugins.JvmPlugin),Set(Atom(sbt.plugins.SemanticdbPlugin)))
[debug] Clause(Atom(sbt.plugins.JvmPlugin),Set(Atom(sbt.plugins.JUnitXmlReportPlugin)))
[debug] Clause(Atom(sbt.plugins.CorePlugin),Set(Atom(sbt.plugins.Giter8TemplatePlugin)))
[debug] Clause(Atom(sbt.plugins.JvmPlugin),Set(Atom(sbt.plugins.MiniDependencyTreePlugin)))
[debug] Clause(Atom(sbt.plugins.SemanticdbPlugin),Set(Atom(metals.MetalsPlugin)))
[debug] Clause(Atom(sbt.plugins.JvmPlugin),Set(Atom(org.scaladebugger.SbtJdiTools))))
[debug]   :: deduced result: Matched(sbt.plugins.CorePlugin,sbt.plugins.Giter8TemplatePlugin,sbt.plugins.IvyPlugin,sbt.plugins.JvmPlugin,org.scaladebugger.SbtJdiTools,sbt.plugins.MiniDependencyTreePlugin,sbt.plugins.JUnitXmlReportPlugin,sbt.plugins.SemanticdbPlugin,metals.MetalsPlugin)
[debug] Plugins.deducer#function took 0.417125 ms
[info] loading settings for project example-large-http4s-build from metals.sbt,plugins.sbt ...
[debug]                                       Load.resolveProject(example-large-http4s-build) took 1.605417ms
[debug]                                     Load.loadTransitive: finalizeProject(Project(id example-large-http4s-build, base: /Users/jackcviers/Documents/development/example-large-http4s/project, plugins: List(<none>))) took 2.17925ms
[debug] [Loading] Done in /Users/jackcviers/Documents/development/example-large-http4s/project, returning: (example-large-http4s-build)
[debug]                                   Load.loadUnit: loadedProjectsRaw took 11.27575ms
[debug]                                   Load.loadUnit: cleanEvalClasses took 1.077541ms
[debug]                                 Load.loadUnit(file:/Users/jackcviers/Documents/development/example-large-http4s/project/, ...) took 348.483625ms
[debug]                               Load.apply: load took 348.797333ms
[debug]                               Load.apply: resolveProjects took 0.039958ms
[debug]                               Load.apply: finalTransforms took 1.891416ms
[debug]                               Load.apply: config.delegates took 0.17475ms
[debug]                               Load.apply: Def.make(settings)... took 34.421583ms
[debug]                               Load.apply: structureIndex took 5.734833ms
[debug]                               Load.apply: mkStreams took 0.001625ms
[info] loading project definition from /Users/jackcviers/Documents/development/example-large-http4s/project
[debug] Running task... Cancel: Signal, check cycles: false, forcegc: true
[debug]                             Load.loadUnit: plugins took 529.579459ms
[debug]                             Load.loadUnit: defsScala took 0.00125ms
[debug] [Loading] Scanning directory /Users/jackcviers/Documents/development/example-large-http4s
[debug]                               Load.loadUnit: mkEval took 0.088958ms
