[debug] > Exec(sbtStashOnFailure, None, None)
[debug] > Exec(sbtMapExec 36 __22bf6d8c-aed4-455b-b2c8-b25d096e18f4, None, None)
[debug] > Exec(bspScalaTestClasses file:/Users/jackcviers/Documents/development/example-large-http4s/#root/Compile, Some(__22bf6d8c-aed4-455b-b2c8-b25d096e18f4), Some(CommandSource(network-1)))
[debug] jsonRpcNotify: JsonRpcNotificationMessage(2.0, build/logMessage, {"type":4,"message":"Processing buildTarget/scalaTestClasses"})
[debug] Evaluating tasks: project41 / bspScalaTestClasses, project183 / bspScalaTestClasses, joke-http4s / bspScalaTestClasses, project189 / bspScalaTestClasses, project141 / bspScalaTestClasses, project131 / bspScalaTestClasses, project23 / bspScalaTestClasses, project27 / bspScalaTestClasses, project174 / bspScalaTestClasses, project84 / bspScalaTestClasses, project182 / bspScalaTestClasses, project161 / bspScalaTestClasses, project51 / bspScalaTestClasses, project17 / bspScalaTestClasses, project137 / bspScalaTestClasses, project10 / bspScalaTestClasses, project139 / bspScalaTestClasses, project195 / bspScalaTestClasses, project8 / bspScalaTestClasses, project123 / bspScalaTestClasses, project6 / bspScalaTestClasses, project193 / bspScalaTestClasses, project55 / bspScalaTestClasses, project1 / bspScalaTestClasses, project43 / bspScalaTestClasses, project158 / bspScalaTestClasses, project7 / bspScalaTestClasses, project100 / bspScalaTestClasses, project114 / bspScalaTestClasses, project87 / bspScalaTestClasses, project92 / bspScalaTestClasses, project97 / bspScalaTestClasses, project25 / bspScalaTestClasses, project42 / bspScalaTestClasses, project88 / bspScalaTestClasses, project162 / bspScalaTestClasses, project180 / bspScalaTestClasses, project185 / bspScalaTestClasses, project86 / bspScalaTestClasses, project57 / bspScalaTestClasses, project21 / bspScalaTestClasses, project22 / bspScalaTestClasses, project135 / bspScalaTestClasses, project117 / bspScalaTestClasses, project45 / bspScalaTestClasses, project50 / bspScalaTestClasses, hello-world-http4s / bspScalaTestClasses, project36 / bspScalaTestClasses, project187 / bspScalaTestClasses, project56 / bspScalaTestClasses, project143 / bspScalaTestClasses, project176 / bspScalaTestClasses, project9 / bspScalaTestClasses, project129 / bspScalaTestClasses, project136 / bspScalaTestClasses, project44 / bspScalaTestClasses, project112 / bspScalaTestClasses, project144 / bspScalaTestClasses, project38 / bspScalaTestClasses, project93 / bspScalaTestClasses, project69 / bspScalaTestClasses, project192 / bspScalaTestClasses, project82 / bspScalaTestClasses, project53 / bspScalaTestClasses, project33 / bspScalaTestClasses, project60 / bspScalaTestClasses, project18 / bspScalaTestClasses, project71 / bspScalaTestClasses, project190 / bspScalaTestClasses, project13 / bspScalaTestClasses, project91 / bspScalaTestClasses, project142 / bspScalaTestClasses, project19 / bspScalaTestClasses, project134 / bspScalaTestClasses, project110 / bspScalaTestClasses, project66 / bspScalaTestClasses, project54 / bspScalaTestClasses, project152 / bspScalaTestClasses, project116 / bspScalaTestClasses, project96 / bspScalaTestClasses, project76 / bspScalaTestClasses, project39 / bspScalaTestClasses, project157 / bspScalaTestClasses, project78 / bspScalaTestClasses, project105 / bspScalaTestClasses, project153 / bspScalaTestClasses, project37 / bspScalaTestClasses, project184 / bspScalaTestClasses, project151 / bspScalaTestClasses, project171 / bspScalaTestClasses, project64 / bspScalaTestClasses, project28 / bspScalaTestClasses, project20 / bspScalaTestClasses, project80 / bspScalaTestClasses, project146 / bspScalaTestClasses, project166 / bspScalaTestClasses, project178 / bspScalaTestClasses, project196 / bspScalaTestClasses, project89 / bspScalaTestClasses, project132 / bspScalaTestClasses, project46 / bspScalaTestClasses, project77 / bspScalaTestClasses, project103 / bspScalaTestClasses, project32 / bspScalaTestClasses, project83 / bspScalaTestClasses, project155 / bspScalaTestClasses, project163 / bspScalaTestClasses, project98 / bspScalaTestClasses, project149 / bspScalaTestClasses, project26 / bspScalaTestClasses, project58 / bspScalaTestClasses, project104 / bspScalaTestClasses, project147 / bspScalaTestClasses, project34 / bspScalaTestClasses, project4 / bspScalaTestClasses, project106 / bspScalaTestClasses, project198 / bspScalaTestClasses, project2 / bspScalaTestClasses, project16 / bspScalaTestClasses, project40 / bspScalaTestClasses, project167 / bspScalaTestClasses, project90 / bspScalaTestClasses, project79 / bspScalaTestClasses, project125 / bspScalaTestClasses, project99 / bspScalaTestClasses, project115 / bspScalaTestClasses, project61 / bspScalaTestClasses, project65 / bspScalaTestClasses, project138 / bspScalaTestClasses, project5 / bspScalaTestClasses, project108 / bspScalaTestClasses, project11 / bspScalaTestClasses, project35 / bspScalaTestClasses, project126 / bspScalaTestClasses, project111 / bspScalaTestClasses, project113 / bspScalaTestClasses, project148 / bspScalaTestClasses, project186 / bspScalaTestClasses, project124 / bspScalaTestClasses, project200 / bspScalaTestClasses, project31 / bspScalaTestClasses, project85 / bspScalaTestClasses, project150 / bspScalaTestClasses, project29 / bspScalaTestClasses, project175 / bspScalaTestClasses, project181 / bspScalaTestClasses, project24 / bspScalaTestClasses, project164 / bspScalaTestClasses, project160 / bspScalaTestClasses, project67 / bspScalaTestClasses, project154 / bspScalaTestClasses, project94 / bspScalaTestClasses, project197 / bspScalaTestClasses, project199 / bspScalaTestClasses, project172 / bspScalaTestClasses, project30 / bspScalaTestClasses, project191 / bspScalaTestClasses, project81 / bspScalaTestClasses, project156 / bspScalaTestClasses, project165 / bspScalaTestClasses, project52 / bspScalaTestClasses, project15 / bspScalaTestClasses, project75 / bspScalaTestClasses, project118 / bspScalaTestClasses, project59 / bspScalaTestClasses, project130 / bspScalaTestClasses, project74 / bspScalaTestClasses, project12 / bspScalaTestClasses, project122 / bspScalaTestClasses, project168 / bspScalaTestClasses, project159 / bspScalaTestClasses, project70 / bspScalaTestClasses, project68 / bspScalaTestClasses, project14 / bspScalaTestClasses, project72 / bspScalaTestClasses, project173 / bspScalaTestClasses, project95 / bspScalaTestClasses, project3 / bspScalaTestClasses, project169 / bspScalaTestClasses, project63 / bspScalaTestClasses, project170 / bspScalaTestClasses, project194 / bspScalaTestClasses, project133 / bspScalaTestClasses, project102 / bspScalaTestClasses, project145 / bspScalaTestClasses, project120 / bspScalaTestClasses, project47 / bspScalaTestClasses, project127 / bspScalaTestClasses, project121 / bspScalaTestClasses, project107 / bspScalaTestClasses, project48 / bspScalaTestClasses, project128 / bspScalaTestClasses, project73 / bspScalaTestClasses, project177 / bspScalaTestClasses, project49 / bspScalaTestClasses, project140 / bspScalaTestClasses, project62 / bspScalaTestClasses, project101 / bspScalaTestClasses, project188 / bspScalaTestClasses, project119 / bspScalaTestClasses, project109 / bspScalaTestClasses, project179 / bspScalaTestClasses, bspScalaTestClasses
[debug] Running task... Cancel: Signal, check cycles: false, forcegc: true
[debug] unmatched json response for requestId Some(__22bf6d8c-aed4-455b-b2c8-b25d096e18f4): {"items":[]}
[debug] unmatched json response for requestId Some(__22bf6d8c-aed4-455b-b2c8-b25d096e18f4): {"items":[]}
[debug] unmatched json response for requestId Some(__22bf6d8c-aed4-455b-b2c8-b25d096e18f4): {"items":[]}
[debug] unmatched json response for requestId Some(__22bf6d8c-aed4-455b-b2c8-b25d096e18f4): {"items":[]}
[debug] unmatched json response for requestId Some(__22bf6d8c-aed4-455b-b2c8-b25d096e18f4): {"items":[]}
[debug] unmatched json response for requestId Some(__22bf6d8c-aed4-455b-b2c8-b25d096e18f4): {"items":[]}
[debug] unmatched json response for requestId Some(__22bf6d8c-aed4-455b-b2c8-b25d096e18f4): {"items":[]}
[debug] unmatched json response for requestId Some(__22bf6d8c-aed4-455b-b2c8-b25d096e18f4): {"items":[]}
[debug] unmatched json response for requestId Some(__22bf6d8c-aed4-455b-b2c8-b25d096e18f4): {"items":[]}
[debug] unmatched json response for requestId Some(__22bf6d8c-aed4-455b-b2c8-b25d096e18f4): {"items":[]}
[debug] unmatched json response for requestId Some(__22bf6d8c-aed4-455b-b2c8-b25d096e18f4): {"items":[]}
[debug] unmatched json response for requestId Some(__22bf6d8c-aed4-455b-b2c8-b25d096e18f4): {"items":[]}
[debug] unmatched json response for requestId Some(__22bf6d8c-aed4-455b-b2c8-b25d096e18f4): {"items":[]}
[debug] unmatched json response for requestId Some(__22bf6d8c-aed4-455b-b2c8-b25d096e18f4): {"items":[]}
[debug] unmatched json response for requestId Some(__22bf6d8c-aed4-455b-b2c8-b25d096e18f4): {"items":[]}
[debug] unmatched json response for requestId Some(__22bf6d8c-aed4-455b-b2c8-b25d096e18f4): {"items":[]}
[debug] unmatched json response for requestId Some(__22bf6d8c-aed4-455b-b2c8-b25d096e18f4): {"items":[]}
[debug] unmatched json response for requestId Some(__22bf6d8c-aed4-455b-b2c8-b25d096e18f4): {"items":[]}
[debug] unmatched json response for requestId Some(__22bf6d8c-aed4-455b-b2c8-b25d096e18f4): {"items":[]}
[debug] unmatched json response for requestId Some(__22bf6d8c-aed4-455b-b2c8-b25d096e18f4): {"items":[]}
[debug] unmatched json response for requestId Some(__22bf6d8c-aed4-455b-b2c8-b25d096e18f4): {"items":[]}
[debug] unmatched json response for requestId Some(__22bf6d8c-aed4-455b-b2c8-b25d096e18f4): {"items":[]}
[debug] unmatched json response for requestId Some(__22bf6d8c-aed4-455b-b2c8-b25d096e18f4): {"items":[]}
[debug] unmatched json response for requestId Some(__22bf6d8c-aed4-455b-b2c8-b25d096e18f4): {"items":[]}
[debug] unmatched json response for requestId Some(__22bf6d8c-aed4-455b-b2c8-b25d096e18f4): {"items":[]}
[debug] unmatched json response for requestId Some(__22bf6d8c-aed4-455b-b2c8-b25d096e18f4): {"items":[]}
[debug] unmatched json response for requestId Some(__22bf6d8c-aed4-455b-b2c8-b25d096e18f4): {"items":[]}
[debug] unmatched json response for requestId Some(__22bf6d8c-aed4-455b-b2c8-b25d096e18f4): {"items":[]}
[debug] unmatched json response for requestId Some(__22bf6d8c-aed4-455b-b2c8-b25d096e18f4): {"items":[]}
[debug] unmatched json response for requestId Some(__22bf6d8c-aed4-455b-b2c8-b25d096e18f4): {"items":[]}
[debug] unmatched json response for requestId Some(__22bf6d8c-aed4-455b-b2c8-b25d096e18f4): {"items":[]}
[debug] unmatched json response for requestId Some(__22bf6d8c-aed4-455b-b2c8-b25d096e18f4): {"items":[]}
[debug] unmatched json response for requestId Some(__22bf6d8c-aed4-455b-b2c8-b25d096e18f4): {"items":[]}
[debug] unmatched json response for requestId Some(__22bf6d8c-aed4-455b-b2c8-b25d096e18f4): {"items":[]}
[debug] unmatched json response for requestId Some(__22bf6d8c-aed4-455b-b2c8-b25d096e18f4): {"items":[]}
[debug] unmatched json response for requestId Some(__22bf6d8c-aed4-455b-b2c8-b25d096e18f4): {"items":[]}
[debug] unmatched json response for requestId Some(__22bf6d8c-aed4-455b-b2c8-b25d096e18f4): {"items":[]}
[debug] unmatched json response for requestId Some(__22bf6d8c-aed4-455b-b2c8-b25d096e18f4): {"items":[]}
[debug] unmatched json response for requestId Some(__22bf6d8c-aed4-455b-b2c8-b25d096e18f4): {"items":[]}
[debug] unmatched json response for requestId Some(__22bf6d8c-aed4-455b-b2c8-b25d096e18f4): {"items":[]}
[debug] unmatched json response for requestId Some(__22bf6d8c-aed4-455b-b2c8-b25d096e18f4): {"items":[]}
[debug] unmatched json response for requestId Some(__22bf6d8c-aed4-455b-b2c8-b25d096e18f4): {"items":[]}
[debug] unmatched json response for requestId Some(__22bf6d8c-aed4-455b-b2c8-b25d096e18f4): {"items":[]}
[debug] unmatched json response for requestId Some(__22bf6d8c-aed4-455b-b2c8-b25d096e18f4): {"items":[]}
[debug] unmatched json response for requestId Some(__22bf6d8c-aed4-455b-b2c8-b25d096e18f4): {"items":[]}
[debug] unmatched json response for requestId Some(__22bf6d8c-aed4-455b-b2c8-b25d096e18f4): {"items":[]}
[debug] unmatched json response for requestId Some(__22bf6d8c-aed4-455b-b2c8-b25d096e18f4): {"items":[]}
[debug] unmatched json response for requestId Some(__22bf6d8c-aed4-455b-b2c8-b25d096e18f4): {"items":[]}
[debug] unmatched json response for requestId Some(__22bf6d8c-aed4-455b-b2c8-b25d096e18f4): {"items":[]}
[debug] unmatched json response for requestId Some(__22bf6d8c-aed4-455b-b2c8-b25d096e18f4): {"items":[]}
[debug] unmatched json response for requestId Some(__22bf6d8c-aed4-455b-b2c8-b25d096e18f4): {"items":[]}
[debug] unmatched json response for requestId Some(__22bf6d8c-aed4-455b-b2c8-b25d096e18f4): {"items":[]}
[debug] unmatched json response for requestId Some(__22bf6d8c-aed4-455b-b2c8-b25d096e18f4): {"items":[]}
[debug] unmatched json response for requestId Some(__22bf6d8c-aed4-455b-b2c8-b25d096e18f4): {"items":[]}
[debug] unmatched json response for requestId Some(__22bf6d8c-aed4-455b-b2c8-b25d096e18f4): {"items":[]}
[debug] unmatched json response for requestId Some(__22bf6d8c-aed4-455b-b2c8-b25d096e18f4): {"items":[]}
[debug] unmatched json response for requestId Some(__22bf6d8c-aed4-455b-b2c8-b25d096e18f4): {"items":[]}
[debug] unmatched json response for requestId Some(__22bf6d8c-aed4-455b-b2c8-b25d096e18f4): {"items":[]}
[debug] unmatched json response for requestId Some(__22bf6d8c-aed4-455b-b2c8-b25d096e18f4): {"items":[]}
[debug] unmatched json response for requestId Some(__22bf6d8c-aed4-455b-b2c8-b25d096e18f4): {"items":[]}
[debug] unmatched json response for requestId Some(__22bf6d8c-aed4-455b-b2c8-b25d096e18f4): {"items":[]}
[debug] unmatched json response for requestId Some(__22bf6d8c-aed4-455b-b2c8-b25d096e18f4): {"items":[]}
[debug] unmatched json response for requestId Some(__22bf6d8c-aed4-455b-b2c8-b25d096e18f4): {"items":[]}
[debug] unmatched json response for requestId Some(__22bf6d8c-aed4-455b-b2c8-b25d096e18f4): {"items":[]}
[debug] unmatched json response for requestId Some(__22bf6d8c-aed4-455b-b2c8-b25d096e18f4): {"items":[]}
[debug] unmatched json response for requestId Some(__22bf6d8c-aed4-455b-b2c8-b25d096e18f4): {"items":[]}
[debug] unmatched json response for requestId Some(__22bf6d8c-aed4-455b-b2c8-b25d096e18f4): {"items":[]}
[debug] unmatched json response for requestId Some(__22bf6d8c-aed4-455b-b2c8-b25d096e18f4): {"items":[]}
[debug] unmatched json response for requestId Some(__22bf6d8c-aed4-455b-b2c8-b25d096e18f4): {"items":[]}
[debug] unmatched json response for requestId Some(__22bf6d8c-aed4-455b-b2c8-b25d096e18f4): {"items":[]}
[debug] unmatched json response for requestId Some(__22bf6d8c-aed4-455b-b2c8-b25d096e18f4): {"items":[]}
[debug] unmatched json response for requestId Some(__22bf6d8c-aed4-455b-b2c8-b25d096e18f4): {"items":[]}
[debug] unmatched json response for requestId Some(__22bf6d8c-aed4-455b-b2c8-b25d096e18f4): {"items":[]}
[debug] unmatched json response for requestId Some(__22bf6d8c-aed4-455b-b2c8-b25d096e18f4): {"items":[]}
[debug] unmatched json response for requestId Some(__22bf6d8c-aed4-455b-b2c8-b25d096e18f4): {"items":[]}
[debug] unmatched json response for requestId Some(__22bf6d8c-aed4-455b-b2c8-b25d096e18f4): {"items":[]}
[debug] unmatched json response for requestId Some(__22bf6d8c-aed4-455b-b2c8-b25d096e18f4): {"items":[]}
[debug] unmatched json response for requestId Some(__22bf6d8c-aed4-455b-b2c8-b25d096e18f4): {"items":[]}
[debug] unmatched json response for requestId Some(__22bf6d8c-aed4-455b-b2c8-b25d096e18f4): {"items":[]}
[debug] unmatched json response for requestId Some(__22bf6d8c-aed4-455b-b2c8-b25d096e18f4): {"items":[]}
[debug] unmatched json response for requestId Some(__22bf6d8c-aed4-455b-b2c8-b25d096e18f4): {"items":[]}
[debug] unmatched json response for requestId Some(__22bf6d8c-aed4-455b-b2c8-b25d096e18f4): {"items":[]}
[debug] unmatched json response for requestId Some(__22bf6d8c-aed4-455b-b2c8-b25d096e18f4): {"items":[]}
[debug] unmatched json response for requestId Some(__22bf6d8c-aed4-455b-b2c8-b25d096e18f4): {"items":[]}
[debug] unmatched json response for requestId Some(__22bf6d8c-aed4-455b-b2c8-b25d096e18f4): {"items":[]}
[debug] unmatched json response for requestId Some(__22bf6d8c-aed4-455b-b2c8-b25d096e18f4): {"items":[]}
[debug] unmatched json response for requestId Some(__22bf6d8c-aed4-455b-b2c8-b25d096e18f4): {"items":[]}
[debug] unmatched json response for requestId Some(__22bf6d8c-aed4-455b-b2c8-b25d096e18f4): {"items":[]}
[debug] unmatched json response for requestId Some(__22bf6d8c-aed4-455b-b2c8-b25d096e18f4): {"items":[]}
[debug] unmatched json response for requestId Some(__22bf6d8c-aed4-455b-b2c8-b25d096e18f4): {"items":[]}
[debug] unmatched json response for requestId Some(__22bf6d8c-aed4-455b-b2c8-b25d096e18f4): {"items":[]}
[debug] unmatched json response for requestId Some(__22bf6d8c-aed4-455b-b2c8-b25d096e18f4): {"items":[]}
[debug] unmatched json response for requestId Some(__22bf6d8c-aed4-455b-b2c8-b25d096e18f4): {"items":[]}
[debug] unmatched json response for requestId Some(__22bf6d8c-aed4-455b-b2c8-b25d096e18f4): {"items":[]}
[debug] unmatched json response for requestId Some(__22bf6d8c-aed4-455b-b2c8-b25d096e18f4): {"items":[]}
[debug] unmatched json response for requestId Some(__22bf6d8c-aed4-455b-b2c8-b25d096e18f4): {"items":[]}
[debug] unmatched json response for requestId Some(__22bf6d8c-aed4-455b-b2c8-b25d096e18f4): {"items":[]}
[debug] unmatched json response for requestId Some(__22bf6d8c-aed4-455b-b2c8-b25d096e18f4): {"items":[]}
[debug] unmatched json response for requestId Some(__22bf6d8c-aed4-455b-b2c8-b25d096e18f4): {"items":[]}
[debug] unmatched json response for requestId Some(__22bf6d8c-aed4-455b-b2c8-b25d096e18f4): {"items":[]}
[debug] unmatched json response for requestId Some(__22bf6d8c-aed4-455b-b2c8-b25d096e18f4): {"items":[]}
[debug] unmatched json response for requestId Some(__22bf6d8c-aed4-455b-b2c8-b25d096e18f4): {"items":[]}
[debug] unmatched json response for requestId Some(__22bf6d8c-aed4-455b-b2c8-b25d096e18f4): {"items":[]}
[debug] unmatched json response for requestId Some(__22bf6d8c-aed4-455b-b2c8-b25d096e18f4): {"items":[]}
[debug] unmatched json response for requestId Some(__22bf6d8c-aed4-455b-b2c8-b25d096e18f4): {"items":[]}
[debug] unmatched json response for requestId Some(__22bf6d8c-aed4-455b-b2c8-b25d096e18f4): {"items":[]}
[debug] unmatched json response for requestId Some(__22bf6d8c-aed4-455b-b2c8-b25d096e18f4): {"items":[]}
[debug] unmatched json response for requestId Some(__22bf6d8c-aed4-455b-b2c8-b25d096e18f4): {"items":[]}
[debug] unmatched json response for requestId Some(__22bf6d8c-aed4-455b-b2c8-b25d096e18f4): {"items":[]}
[debug] unmatched json response for requestId Some(__22bf6d8c-aed4-455b-b2c8-b25d096e18f4): {"items":[]}
[debug] unmatched json response for requestId Some(__22bf6d8c-aed4-455b-b2c8-b25d096e18f4): {"items":[]}
[debug] unmatched json response for requestId Some(__22bf6d8c-aed4-455b-b2c8-b25d096e18f4): {"items":[]}
[debug] unmatched json response for requestId Some(__22bf6d8c-aed4-455b-b2c8-b25d096e18f4): {"items":[]}
[debug] unmatched json response for requestId Some(__22bf6d8c-aed4-455b-b2c8-b25d096e18f4): {"items":[]}
[debug] unmatched json response for requestId Some(__22bf6d8c-aed4-455b-b2c8-b25d096e18f4): {"items":[]}
[debug] unmatched json response for requestId Some(__22bf6d8c-aed4-455b-b2c8-b25d096e18f4): {"items":[]}
[debug] unmatched json response for requestId Some(__22bf6d8c-aed4-455b-b2c8-b25d096e18f4): {"items":[]}
[debug] unmatched json response for requestId Some(__22bf6d8c-aed4-455b-b2c8-b25d096e18f4): {"items":[]}
[debug] unmatched json response for requestId Some(__22bf6d8c-aed4-455b-b2c8-b25d096e18f4): {"items":[]}
[debug] unmatched json response for requestId Some(__22bf6d8c-aed4-455b-b2c8-b25d096e18f4): {"items":[]}
[debug] unmatched json response for requestId Some(__22bf6d8c-aed4-455b-b2c8-b25d096e18f4): {"items":[]}
[debug] unmatched json response for requestId Some(__22bf6d8c-aed4-455b-b2c8-b25d096e18f4): {"items":[]}
[debug] unmatched json response for requestId Some(__22bf6d8c-aed4-455b-b2c8-b25d096e18f4): {"items":[]}
[debug] unmatched json response for requestId Some(__22bf6d8c-aed4-455b-b2c8-b25d096e18f4): {"items":[]}
[debug] unmatched json response for requestId Some(__22bf6d8c-aed4-455b-b2c8-b25d096e18f4): {"items":[]}
[debug] unmatched json response for requestId Some(__22bf6d8c-aed4-455b-b2c8-b25d096e18f4): {"items":[]}
[debug] unmatched json response for requestId Some(__22bf6d8c-aed4-455b-b2c8-b25d096e18f4): {"items":[]}
[debug] unmatched json response for requestId Some(__22bf6d8c-aed4-455b-b2c8-b25d096e18f4): {"items":[]}
[debug] unmatched json response for requestId Some(__22bf6d8c-aed4-455b-b2c8-b25d096e18f4): {"items":[]}
[debug] unmatched json response for requestId Some(__22bf6d8c-aed4-455b-b2c8-b25d096e18f4): {"items":[]}
[debug] unmatched json response for requestId Some(__22bf6d8c-aed4-455b-b2c8-b25d096e18f4): {"items":[]}
[debug] unmatched json response for requestId Some(__22bf6d8c-aed4-455b-b2c8-b25d096e18f4): {"items":[]}
[debug] unmatched json response for requestId Some(__22bf6d8c-aed4-455b-b2c8-b25d096e18f4): {"items":[]}
[debug] unmatched json response for requestId Some(__22bf6d8c-aed4-455b-b2c8-b25d096e18f4): {"items":[]}
[debug] unmatched json response for requestId Some(__22bf6d8c-aed4-455b-b2c8-b25d096e18f4): {"items":[]}
[debug] unmatched json response for requestId Some(__22bf6d8c-aed4-455b-b2c8-b25d096e18f4): {"items":[]}
[debug] unmatched json response for requestId Some(__22bf6d8c-aed4-455b-b2c8-b25d096e18f4): {"items":[]}
[debug] unmatched json response for requestId Some(__22bf6d8c-aed4-455b-b2c8-b25d096e18f4): {"items":[]}
[debug] unmatched json response for requestId Some(__22bf6d8c-aed4-455b-b2c8-b25d096e18f4): {"items":[]}
[debug] unmatched json response for requestId Some(__22bf6d8c-aed4-455b-b2c8-b25d096e18f4): {"items":[]}
[debug] unmatched json response for requestId Some(__22bf6d8c-aed4-455b-b2c8-b25d096e18f4): {"items":[]}
[debug] unmatched json response for requestId Some(__22bf6d8c-aed4-455b-b2c8-b25d096e18f4): {"items":[]}
[debug] unmatched json response for requestId Some(__22bf6d8c-aed4-455b-b2c8-b25d096e18f4): {"items":[]}
[debug] unmatched json response for requestId Some(__22bf6d8c-aed4-455b-b2c8-b25d096e18f4): {"items":[]}
[debug] unmatched json response for requestId Some(__22bf6d8c-aed4-455b-b2c8-b25d096e18f4): {"items":[]}
[debug] unmatched json response for requestId Some(__22bf6d8c-aed4-455b-b2c8-b25d096e18f4): {"items":[]}
[debug] unmatched json response for requestId Some(__22bf6d8c-aed4-455b-b2c8-b25d096e18f4): {"items":[]}
[debug] unmatched json response for requestId Some(__22bf6d8c-aed4-455b-b2c8-b25d096e18f4): {"items":[]}
[debug] unmatched json response for requestId Some(__22bf6d8c-aed4-455b-b2c8-b25d096e18f4): {"items":[]}
[debug] unmatched json response for requestId Some(__22bf6d8c-aed4-455b-b2c8-b25d096e18f4): {"items":[]}
[debug] unmatched json response for requestId Some(__22bf6d8c-aed4-455b-b2c8-b25d096e18f4): {"items":[]}
[debug] unmatched json response for requestId Some(__22bf6d8c-aed4-455b-b2c8-b25d096e18f4): {"items":[]}
[debug] unmatched json response for requestId Some(__22bf6d8c-aed4-455b-b2c8-b25d096e18f4): {"items":[]}
[debug] unmatched json response for requestId Some(__22bf6d8c-aed4-455b-b2c8-b25d096e18f4): {"items":[]}
[debug] unmatched json response for requestId Some(__22bf6d8c-aed4-455b-b2c8-b25d096e18f4): {"items":[]}
[debug] unmatched json response for requestId Some(__22bf6d8c-aed4-455b-b2c8-b25d096e18f4): {"items":[]}
[debug] unmatched json response for requestId Some(__22bf6d8c-aed4-455b-b2c8-b25d096e18f4): {"items":[]}
[debug] unmatched json response for requestId Some(__22bf6d8c-aed4-455b-b2c8-b25d096e18f4): {"items":[]}
[debug] unmatched json response for requestId Some(__22bf6d8c-aed4-455b-b2c8-b25d096e18f4): {"items":[]}
[debug] unmatched json response for requestId Some(__22bf6d8c-aed4-455b-b2c8-b25d096e18f4): {"items":[]}
[debug] unmatched json response for requestId Some(__22bf6d8c-aed4-455b-b2c8-b25d096e18f4): {"items":[]}
[debug] unmatched json response for requestId Some(__22bf6d8c-aed4-455b-b2c8-b25d096e18f4): {"items":[]}
[debug] unmatched json response for requestId Some(__22bf6d8c-aed4-455b-b2c8-b25d096e18f4): {"items":[]}
[debug] unmatched json response for requestId Some(__22bf6d8c-aed4-455b-b2c8-b25d096e18f4): {"items":[]}
[debug] unmatched json response for requestId Some(__22bf6d8c-aed4-455b-b2c8-b25d096e18f4): {"items":[]}
[debug] unmatched json response for requestId Some(__22bf6d8c-aed4-455b-b2c8-b25d096e18f4): {"items":[]}
[debug] unmatched json response for requestId Some(__22bf6d8c-aed4-455b-b2c8-b25d096e18f4): {"items":[]}
[debug] unmatched json response for requestId Some(__22bf6d8c-aed4-455b-b2c8-b25d096e18f4): {"items":[]}
[debug] unmatched json response for requestId Some(__22bf6d8c-aed4-455b-b2c8-b25d096e18f4): {"items":[]}
[debug] unmatched json response for requestId Some(__22bf6d8c-aed4-455b-b2c8-b25d096e18f4): {"items":[]}
[debug] unmatched json response for requestId Some(__22bf6d8c-aed4-455b-b2c8-b25d096e18f4): {"items":[]}
[debug] unmatched json response for requestId Some(__22bf6d8c-aed4-455b-b2c8-b25d096e18f4): {"items":[]}
[debug] unmatched json response for requestId Some(__22bf6d8c-aed4-455b-b2c8-b25d096e18f4): {"items":[]}
[debug] unmatched json response for requestId Some(__22bf6d8c-aed4-455b-b2c8-b25d096e18f4): {"items":[]}
[debug] unmatched json response for requestId Some(__22bf6d8c-aed4-455b-b2c8-b25d096e18f4): {"items":[]}
[debug] unmatched json response for requestId Some(__22bf6d8c-aed4-455b-b2c8-b25d096e18f4): {"items":[]}
[debug] unmatched json response for requestId Some(__22bf6d8c-aed4-455b-b2c8-b25d096e18f4): {"items":[]}
[debug] unmatched json response for requestId Some(__22bf6d8c-aed4-455b-b2c8-b25d096e18f4): {"items":[]}
[debug] unmatched json response for requestId Some(__22bf6d8c-aed4-455b-b2c8-b25d096e18f4): {"items":[]}
[debug] unmatched json response for requestId Some(__22bf6d8c-aed4-455b-b2c8-b25d096e18f4): {"items":[]}
[debug] unmatched json response for requestId Some(__22bf6d8c-aed4-455b-b2c8-b25d096e18f4): {"items":[]}
[debug] unmatched json response for requestId Some(__22bf6d8c-aed4-455b-b2c8-b25d096e18f4): {"items":[]}
[debug] unmatched json response for requestId Some(__22bf6d8c-aed4-455b-b2c8-b25d096e18f4): {"items":[]}
[debug] unmatched json response for requestId Some(__22bf6d8c-aed4-455b-b2c8-b25d096e18f4): {"items":[]}
[debug] unmatched json response for requestId Some(__22bf6d8c-aed4-455b-b2c8-b25d096e18f4): {"items":[]}
[debug] unmatched json response for requestId Some(__22bf6d8c-aed4-455b-b2c8-b25d096e18f4): {"items":[]}
[debug] unmatched json response for requestId Some(__22bf6d8c-aed4-455b-b2c8-b25d096e18f4): {"items":[]}
[debug] unmatched json response for requestId Some(__22bf6d8c-aed4-455b-b2c8-b25d096e18f4): {"items":[]}
[debug] unmatched json response for requestId Some(__22bf6d8c-aed4-455b-b2c8-b25d096e18f4): {"items":[]}
[debug] unmatched json response for requestId Some(__22bf6d8c-aed4-455b-b2c8-b25d096e18f4): {"items":[]}
[debug] unmatched json response for requestId Some(__22bf6d8c-aed4-455b-b2c8-b25d096e18f4): {"items":[]}
[debug] unmatched json response for requestId Some(__22bf6d8c-aed4-455b-b2c8-b25d096e18f4): {"items":[]}
[debug] unmatched json response for requestId Some(__22bf6d8c-aed4-455b-b2c8-b25d096e18f4): {"items":[]}
[debug] unmatched json response for requestId Some(__22bf6d8c-aed4-455b-b2c8-b25d096e18f4): {"items":[]}
[debug] unmatched json response for requestId Some(__22bf6d8c-aed4-455b-b2c8-b25d096e18f4): {"items":[]}
[debug] unmatched json response for requestId Some(__22bf6d8c-aed4-455b-b2c8-b25d096e18f4): {"items":[]}
[debug] unmatched json response for requestId Some(__22bf6d8c-aed4-455b-b2c8-b25d096e18f4): {"items":[]}
[debug] unmatched json response for requestId Some(__22bf6d8c-aed4-455b-b2c8-b25d096e18f4): {"items":[]}
[debug] unmatched json response for requestId Some(__22bf6d8c-aed4-455b-b2c8-b25d096e18f4): {"items":[]}
[debug] unmatched json response for requestId Some(__22bf6d8c-aed4-455b-b2c8-b25d096e18f4): {"items":[]}
[debug] unmatched json response for requestId Some(__22bf6d8c-aed4-455b-b2c8-b25d096e18f4): {"items":[]}
[debug] unmatched json response for requestId Some(__22bf6d8c-aed4-455b-b2c8-b25d096e18f4): {"items":[]}
[success] Total time: 1 s, completed May 10, 2023, 5:26:00 PM
[debug] > Exec(sbtCompleteExec 36, None, None)
[debug] > Exec(resumeFromFailure, None, None)
[debug] > Exec(sbtPopOnFailure, None, None)
[debug] > Exec(sbtReportResult 36, Some(36), Some(CommandSource(network-1)))
[debug] unmatched Processing event for requestId Some(36): None
[debug] unmatched json response for requestId Some(36): {"status":"Done","channelName":"network-1","execId":"36","commandQueue":["shell"],"exitCode":0}
[debug] > Exec(shell, None, None)
